TN:
SF:/Users/vnqmai/Desktop/hh-fcc/lottery-fcc/hardhat-smartcontract-lottery-fcc/contracts/Raffle.sol
FN:61,constructor
FN:72,enterRaffle
FN:96,checkUpkeep
FN:117,performUpkeep
FN:142,fulfillRandomWords
FN:161,getEntranceFee
FN:165,getPlayer
FN:169,getRecentWinner
FN:173,getRaffleState
FN:177,getNumWords
FN:181,getNumberOfPlayers
FN:185,getLastestTimeStamp
FN:189,getRequestConfirmations
FN:193,getInterval
FNF:14
FNH:8
FNDA:3,constructor
FNDA:5,enterRaffle
FNDA:1,checkUpkeep
FNDA:1,performUpkeep
FNDA:0,fulfillRandomWords
FNDA:5,getEntranceFee
FNDA:1,getPlayer
FNDA:0,getRecentWinner
FNDA:1,getRaffleState
FNDA:0,getNumWords
FNDA:0,getNumberOfPlayers
FNDA:0,getLastestTimeStamp
FNDA:0,getRequestConfirmations
FNDA:6,getInterval
DA:62,3
DA:63,3
DA:64,3
DA:65,3
DA:66,3
DA:67,3
DA:68,3
DA:69,3
DA:74,5
DA:75,1
DA:77,4
DA:78,1
DA:80,3
DA:84,3
DA:107,1
DA:109,1
DA:110,1
DA:111,1
DA:112,1
DA:113,1
DA:120,1
DA:121,1
DA:122,0
DA:128,1
DA:132,1
DA:139,1
DA:146,0
DA:147,0
DA:148,0
DA:149,0
DA:150,0
DA:151,0
DA:152,0
DA:153,0
DA:154,0
DA:156,0
DA:162,5
DA:166,1
DA:170,0
DA:174,1
DA:178,0
DA:182,0
DA:186,0
DA:190,0
DA:194,6
LF:45
LH:29
BRDA:74,1,0,1
BRDA:74,1,1,4
BRDA:77,2,0,1
BRDA:77,2,1,3
BRDA:121,3,0,0
BRDA:121,3,1,1
BRDA:153,4,0,0
BRDA:153,4,1,0
BRF:8
BRH:5
end_of_record
TN:
SF:/Users/vnqmai/Desktop/hh-fcc/lottery-fcc/hardhat-smartcontract-lottery-fcc/contracts/test/VRFCoordinatorV2Mock.sol
FNF:0
FNH:0
LF:0
LH:0
BRF:0
BRH:0
end_of_record
